<?xml version="1.0" encoding="UTF-8"?>
<!-- Generated by org.testng.reporters.JUnitReportReporter -->
<testsuite skipped="0" hostname="DESKTOP-KG6I5P6" name="steps.TestRunner" tests="2" failures="0" timestamp="22 May 2021 04:43:57 GMT" time="14.220" errors="0">
  <testcase name="runScenario" time="5.368" classname="steps.TestRunner"/>
  <testcase name="runScenario" time="8.852" classname="steps.TestRunner"/>
</testsuite> <!-- steps.TestRunner -->
