<?xml version="1.0" encoding="UTF-8"?>
<!-- Generated by org.testng.reporters.JUnitReportReporter -->
<testsuite skipped="0" hostname="DESKTOP-KG6I5P6" name="testCases.TC001_LoginLogout" tests="2" failures="0" timestamp="29 May 2021 17:59:51 GMT" time="16.983" errors="0">
  <testcase name="LoginLogout" time="9.736" classname="testCases.TC001_LoginLogout"/>
  <testcase name="LoginLogout" time="7.247" classname="testCases.TC001_LoginLogout"/>
</testsuite> <!-- testCases.TC001_LoginLogout -->
